[     135ms] [LOG] [Fast Refresh] rebuilding @ http://localhost:3000/_next/static/chunks/0wa7_next_dist_0lytrpc._.js:2477
[     707ms] [LOG] [Fast Refresh] done in 681ms @ http://localhost:3000/_next/static/chunks/0wa7_next_dist_0lytrpc._.js:2477
[     834ms] [INFO] %cDownload the React DevTools for a better development experience: https://react.dev/link/react-devtools font-weight:bold @ http://localhost:3000/_next/static/chunks/0wa7_next_dist_0lytrpc._.js:2477
[     879ms] [LOG] [HMR] connected @ http://localhost:3000/_next/static/chunks/0wa7_next_dist_0lytrpc._.js:2477
[    1121ms] [LOG] [Fast Refresh] rebuilding @ http://localhost:3000/_next/static/chunks/0wa7_next_dist_0lytrpc._.js:2477
[    1240ms] [LOG] [Fast Refresh] done in 224ms @ http://localhost:3000/_next/static/chunks/0wa7_next_dist_0lytrpc._.js:2477
[    8259ms] [LOG] [Fast Refresh] rebuilding @ http://localhost:3000/_next/static/chunks/0wa7_next_dist_0lytrpc._.js:2477
[    8851ms] [LOG] [Fast Refresh] done in 696ms @ http://localhost:3000/_next/static/chunks/0wa7_next_dist_0lytrpc._.js:2477
[   45731ms] [LOG] [Fast Refresh] rebuilding @ http://localhost:3000/_next/static/chunks/0wa7_next_dist_0lytrpc._.js:2477
[   45784ms] [LOG] [Fast Refresh] done in 156ms @ http://localhost:3000/_next/static/chunks/0wa7_next_dist_0lytrpc._.js:2477
[  144431ms] [LOG] [Fast Refresh] rebuilding @ http://localhost:3000/_next/static/chunks/0wa7_next_dist_0lytrpc._.js:2477
[  144466ms] [LOG] [Fast Refresh] done in 139ms @ http://localhost:3000/_next/static/chunks/0wa7_next_dist_0lytrpc._.js:2477
[  147729ms] [LOG] [Fast Refresh] rebuilding @ http://localhost:3000/_next/static/chunks/0wa7_next_dist_0lytrpc._.js:2477
[  148339ms] [LOG] [Fast Refresh] done in 725ms @ http://localhost:3000/_next/static/chunks/0wa7_next_dist_0lytrpc._.js:2477
[  955500ms] [LOG] [Fast Refresh] rebuilding @ http://localhost:3000/_next/static/chunks/0wa7_next_dist_0lytrpc._.js:2477
[  956083ms] [LOG] [Fast Refresh] done in 686ms @ http://localhost:3000/_next/static/chunks/0wa7_next_dist_0lytrpc._.js:2477
[ 1279661ms] [LOG] [Fast Refresh] rebuilding @ http://localhost:3000/_next/static/chunks/0wa7_next_dist_0lytrpc._.js:2477
[ 1279685ms] [LOG] [Fast Refresh] done in 133ms @ http://localhost:3000/_next/static/chunks/0wa7_next_dist_0lytrpc._.js:2477
[ 1710608ms] [LOG] [HMR] connected @ http://localhost:3000/_next/static/chunks/0wa7_next_dist_0lytrpc._.js:2477
[ 1717281ms] [INFO] %cDownload the React DevTools for a better development experience: https://react.dev/link/react-devtools font-weight:bold @ http://localhost:3000/_next/static/chunks/0wa7_next_dist_0lytrpc._.js:2477
[ 1717364ms] [LOG] [HMR] connected @ http://localhost:3000/_next/static/chunks/0wa7_next_dist_0lytrpc._.js:2477
[ 1726964ms] [LOG] [Fast Refresh] rebuilding @ http://localhost:3000/_next/static/chunks/0wa7_next_dist_0lytrpc._.js:2477
[ 1727198ms] [LOG] [Fast Refresh] done in 346ms @ http://localhost:3000/_next/static/chunks/0wa7_next_dist_0lytrpc._.js:2477
[ 1732495ms] [LOG] [Fast Refresh] rebuilding @ http://localhost:3000/_next/static/chunks/0wa7_next_dist_0lytrpc._.js:2477
[ 1732532ms] [LOG] [Fast Refresh] done in 149ms @ http://localhost:3000/_next/static/chunks/0wa7_next_dist_0lytrpc._.js:2477
[ 1738318ms] [LOG] [Fast Refresh] rebuilding @ http://localhost:3000/_next/static/chunks/0wa7_next_dist_0lytrpc._.js:2477
[ 1738551ms] [LOG] [Fast Refresh] done in 348ms @ http://localhost:3000/_next/static/chunks/0wa7_next_dist_0lytrpc._.js:2477
[ 1755007ms] [LOG] [Fast Refresh] rebuilding @ http://localhost:3000/_next/static/chunks/0wa7_next_dist_0lytrpc._.js:2477
[ 1755910ms] [LOG] [Fast Refresh] done in 949ms @ http://localhost:3000/_next/static/chunks/0wa7_next_dist_0lytrpc._.js:2477
[ 1777301ms] [LOG] [Fast Refresh] rebuilding @ http://localhost:3000/_next/static/chunks/0wa7_next_dist_0lytrpc._.js:2477
[ 1779096ms] [WARNING] [HMR] Invalid message: {"isTrusted":true}
TypeError: Cannot convert undefined or null to object
    at Object.keys (<anonymous>)
    at extractModulesFromTurbopackMessage (http://localhost:3000/_next/static/chunks/0wa7_next_dist_client_0wqn6jw._.js:13754:39)
    at TurbopackHmr.onTurbopackMessage (http://localhost:3000/_next/static/chunks/0wa7_next_dist_client_0wqn6jw._.js:13701:32)
    at processMessage (http://localhost:3000/_next/static/chunks/0wa7_next_dist_client_0wqn6jw._.js:14059:30)
    at WebSocket.handleMessage (http://localhost:3000/_next/static/chunks/0wa7_next_dist_client_0wqn6jw._.js:13458:52) @ http://localhost:3000/_next/static/chunks/0wa7_next_dist_0lytrpc._.js:2477
[ 1779099ms] [LOG] [Fast Refresh] done in 1901ms @ http://localhost:3000/_next/static/chunks/0wa7_next_dist_0lytrpc._.js:2477
[ 1779384ms] [LOG] [Fast Refresh] rebuilding @ http://localhost:3000/_next/static/chunks/0wa7_next_dist_0lytrpc._.js:2477
[ 1780392ms] [LOG] [Fast Refresh] done in 1110ms @ http://localhost:3000/_next/static/chunks/0wa7_next_dist_0lytrpc._.js:2477
[ 1780531ms] [LOG] [Fast Refresh] rebuilding @ http://localhost:3000/_next/static/chunks/0wa7_next_dist_0lytrpc._.js:2477
[ 1780556ms] [LOG] [Fast Refresh] done in 124ms @ http://localhost:3000/_next/static/chunks/0wa7_next_dist_0lytrpc._.js:2477
[ 1780659ms] [LOG] [Fast Refresh] rebuilding @ http://localhost:3000/_next/static/chunks/0wa7_next_dist_0lytrpc._.js:2477
[ 1780725ms] [LOG] [Fast Refresh] done in 168ms @ http://localhost:3000/_next/static/chunks/0wa7_next_dist_0lytrpc._.js:2477
[ 1780933ms] [LOG] [Fast Refresh] rebuilding @ http://localhost:3000/_next/static/chunks/0wa7_next_dist_0lytrpc._.js:2477
[ 1781081ms] [LOG] [Fast Refresh] done in 251ms @ http://localhost:3000/_next/static/chunks/0wa7_next_dist_0lytrpc._.js:2477
[ 1809954ms] [LOG] [Fast Refresh] rebuilding @ http://localhost:3000/_next/static/chunks/0wa7_next_dist_0lytrpc._.js:2477
[ 1812891ms] [LOG] [Fast Refresh] done in 3025ms @ http://localhost:3000/_next/static/chunks/0wa7_next_dist_0lytrpc._.js:2477
[ 1813561ms] [LOG] [Fast Refresh] rebuilding @ http://localhost:3000/_next/static/chunks/0wa7_next_dist_0lytrpc._.js:2477
[ 1813576ms] [LOG] [Fast Refresh] done in 116ms @ http://localhost:3000/_next/static/chunks/0wa7_next_dist_0lytrpc._.js:2477
[ 1826045ms] [LOG] [Fast Refresh] rebuilding @ http://localhost:3000/_next/static/chunks/0wa7_next_dist_0lytrpc._.js:2477
[ 1831309ms] [LOG] [Fast Refresh] done in 5367ms @ http://localhost:3000/_next/static/chunks/0wa7_next_dist_0lytrpc._.js:2477
[ 1831530ms] [LOG] [Fast Refresh] rebuilding @ http://localhost:3000/_next/static/chunks/0wa7_next_dist_0lytrpc._.js:2477
[ 1832011ms] [LOG] [Fast Refresh] done in 589ms @ http://localhost:3000/_next/static/chunks/0wa7_next_dist_0lytrpc._.js:2477
[ 1832214ms] [LOG] [Fast Refresh] rebuilding @ http://localhost:3000/_next/static/chunks/0wa7_next_dist_0lytrpc._.js:2477
[ 1832354ms] [LOG] [Fast Refresh] done in 252ms @ http://localhost:3000/_next/static/chunks/0wa7_next_dist_0lytrpc._.js:2477
[ 1832782ms] [LOG] [Fast Refresh] rebuilding @ http://localhost:3000/_next/static/chunks/0wa7_next_dist_0lytrpc._.js:2477
[ 1833361ms] [LOG] [Fast Refresh] done in 691ms @ http://localhost:3000/_next/static/chunks/0wa7_next_dist_0lytrpc._.js:2477
[ 1833664ms] [LOG] [Fast Refresh] rebuilding @ http://localhost:3000/_next/static/chunks/0wa7_next_dist_0lytrpc._.js:2477
[ 1833864ms] [LOG] [Fast Refresh] done in 302ms @ http://localhost:3000/_next/static/chunks/0wa7_next_dist_0lytrpc._.js:2477
[ 1834285ms] [LOG] [Fast Refresh] rebuilding @ http://localhost:3000/_next/static/chunks/0wa7_next_dist_0lytrpc._.js:2477
[ 1834373ms] [LOG] [Fast Refresh] done in 196ms @ http://localhost:3000/_next/static/chunks/0wa7_next_dist_0lytrpc._.js:2477
[ 1834513ms] [LOG] [Fast Refresh] rebuilding @ http://localhost:3000/_next/static/chunks/0wa7_next_dist_0lytrpc._.js:2477
[ 1834656ms] [LOG] [Fast Refresh] done in 250ms @ http://localhost:3000/_next/static/chunks/0wa7_next_dist_0lytrpc._.js:2477
[ 1834814ms] [LOG] [Fast Refresh] rebuilding @ http://localhost:3000/_next/static/chunks/0wa7_next_dist_0lytrpc._.js:2477
[ 1835584ms] [LOG] [Fast Refresh] done in 884ms @ http://localhost:3000/_next/static/chunks/0wa7_next_dist_0lytrpc._.js:2477
[ 1835811ms] [LOG] [Fast Refresh] rebuilding @ http://localhost:3000/_next/static/chunks/0wa7_next_dist_0lytrpc._.js:2477
[ 1835938ms] [LOG] [Fast Refresh] done in 232ms @ http://localhost:3000/_next/static/chunks/0wa7_next_dist_0lytrpc._.js:2477
[ 1836060ms] [LOG] [Fast Refresh] rebuilding @ http://localhost:3000/_next/static/chunks/0wa7_next_dist_0lytrpc._.js:2477
[ 1836155ms] [LOG] [Fast Refresh] done in 197ms @ http://localhost:3000/_next/static/chunks/0wa7_next_dist_0lytrpc._.js:2477
[ 1855917ms] [LOG] [Fast Refresh] rebuilding @ http://localhost:3000/_next/static/chunks/0wa7_next_dist_0lytrpc._.js:2477
[ 1856309ms] [LOG] [Fast Refresh] done in 506ms @ http://localhost:3000/_next/static/chunks/0wa7_next_dist_0lytrpc._.js:2477
