[     140ms] [LOG] [Fast Refresh] rebuilding @ http://localhost:3000/_next/static/chunks/0wa7_next_dist_0lytrpc._.js:2477
[    1930ms] [LOG] [Fast Refresh] done in 1902ms @ http://localhost:3000/_next/static/chunks/0wa7_next_dist_0lytrpc._.js:2477
[    2077ms] [INFO] %cDownload the React DevTools for a better development experience: https://react.dev/link/react-devtools font-weight:bold @ http://localhost:3000/_next/static/chunks/0wa7_next_dist_0lytrpc._.js:2477
[    2113ms] [LOG] [HMR] connected @ http://localhost:3000/_next/static/chunks/0wa7_next_dist_0lytrpc._.js:2477
[    2389ms] [LOG] [Fast Refresh] rebuilding @ http://localhost:3000/_next/static/chunks/0wa7_next_dist_0lytrpc._.js:2477
[    2534ms] [LOG] [Fast Refresh] done in 249ms @ http://localhost:3000/_next/static/chunks/0wa7_next_dist_0lytrpc._.js:2477
[   10374ms] [LOG] [Fast Refresh] rebuilding @ http://localhost:3000/_next/static/chunks/0wa7_next_dist_0lytrpc._.js:2477
[   10828ms] [LOG] [Fast Refresh] done in 567ms @ http://localhost:3000/_next/static/chunks/0wa7_next_dist_0lytrpc._.js:2477
[   26909ms] [LOG] [Fast Refresh] rebuilding @ http://localhost:3000/_next/static/chunks/0wa7_next_dist_0lytrpc._.js:2477
[   27019ms] [LOG] [Fast Refresh] done in 212ms @ http://localhost:3000/_next/static/chunks/0wa7_next_dist_0lytrpc._.js:2477
[   31295ms] [LOG] [Fast Refresh] rebuilding @ http://localhost:3000/_next/static/chunks/0wa7_next_dist_0lytrpc._.js:2477
[   31296ms] [LOG] [Fast Refresh] done in 106ms @ http://localhost:3000/_next/static/chunks/0wa7_next_dist_0lytrpc._.js:2477
[   36931ms] [LOG] [Fast Refresh] rebuilding @ http://localhost:3000/_next/static/chunks/0wa7_next_dist_0lytrpc._.js:2477
[   37253ms] [LOG] [Fast Refresh] done in 422ms @ http://localhost:3000/_next/static/chunks/0wa7_next_dist_0lytrpc._.js:2477
[   37396ms] [LOG] [Fast Refresh] rebuilding @ http://localhost:3000/_next/static/chunks/0wa7_next_dist_0lytrpc._.js:2477
[   37466ms] [LOG] [Fast Refresh] done in 185ms @ http://localhost:3000/_next/static/chunks/0wa7_next_dist_0lytrpc._.js:2477
[   46129ms] [LOG] [Fast Refresh] rebuilding @ http://localhost:3000/_next/static/chunks/0wa7_next_dist_0lytrpc._.js:2477
[   46358ms] [LOG] [Fast Refresh] done in 335ms @ http://localhost:3000/_next/static/chunks/0wa7_next_dist_0lytrpc._.js:2477
[   46520ms] [LOG] [Fast Refresh] rebuilding @ http://localhost:3000/_next/static/chunks/0wa7_next_dist_0lytrpc._.js:2477
[   46599ms] [LOG] [Fast Refresh] done in 185ms @ http://localhost:3000/_next/static/chunks/0wa7_next_dist_0lytrpc._.js:2477
[   58087ms] [LOG] [Fast Refresh] rebuilding @ http://localhost:3000/_next/static/chunks/0wa7_next_dist_0lytrpc._.js:2477
[   59509ms] [LOG] [Fast Refresh] done in 1526ms @ http://localhost:3000/_next/static/chunks/0wa7_next_dist_0lytrpc._.js:2477
[   95843ms] [LOG] [Fast Refresh] rebuilding @ http://localhost:3000/_next/static/chunks/0wa7_next_dist_0lytrpc._.js:2477
[   97382ms] [LOG] [Fast Refresh] done in 1640ms @ http://localhost:3000/_next/static/chunks/0wa7_next_dist_0lytrpc._.js:2477
[   99767ms] [LOG] [Fast Refresh] rebuilding @ http://localhost:3000/_next/static/chunks/0wa7_next_dist_0lytrpc._.js:2477
[  101698ms] [LOG] [Fast Refresh] done in 2045ms @ http://localhost:3000/_next/static/chunks/0wa7_next_dist_0lytrpc._.js:2477
[  111028ms] [LOG] [Fast Refresh] rebuilding @ http://localhost:3000/_next/static/chunks/0wa7_next_dist_0lytrpc._.js:2477
[  120163ms] [LOG] [Fast Refresh] done in 9235ms @ http://localhost:3000/_next/static/chunks/0wa7_next_dist_0lytrpc._.js:2477
[  160339ms] [LOG] [Fast Refresh] rebuilding @ http://localhost:3000/_next/static/chunks/0wa7_next_dist_0lytrpc._.js:2477
[  160516ms] [LOG] [Fast Refresh] done in 282ms @ http://localhost:3000/_next/static/chunks/0wa7_next_dist_0lytrpc._.js:2477
[  163676ms] [LOG] [Fast Refresh] rebuilding @ http://localhost:3000/_next/static/chunks/0wa7_next_dist_0lytrpc._.js:2477
[  164327ms] [LOG] [Fast Refresh] done in 767ms @ http://localhost:3000/_next/static/chunks/0wa7_next_dist_0lytrpc._.js:2477
