[     140ms] [LOG] [Fast Refresh] rebuilding @ http://localhost:3000/_next/static/chunks/0wa7_next_dist_0lytrpc._.js:2477
[     401ms] [LOG] [Fast Refresh] done in 372ms @ http://localhost:3000/_next/static/chunks/0wa7_next_dist_0lytrpc._.js:2477
[     564ms] [INFO] %cDownload the React DevTools for a better development experience: https://react.dev/link/react-devtools font-weight:bold @ http://localhost:3000/_next/static/chunks/0wa7_next_dist_0lytrpc._.js:2477
[     617ms] [LOG] [HMR] connected @ http://localhost:3000/_next/static/chunks/0wa7_next_dist_0lytrpc._.js:2477
[     953ms] [LOG] [Fast Refresh] rebuilding @ http://localhost:3000/_next/static/chunks/0wa7_next_dist_0lytrpc._.js:2477
[    1011ms] [LOG] [Fast Refresh] done in 161ms @ http://localhost:3000/_next/static/chunks/0wa7_next_dist_0lytrpc._.js:2477
[    6027ms] [LOG] [Fast Refresh] rebuilding @ http://localhost:3000/_next/static/chunks/0wa7_next_dist_0lytrpc._.js:2477
[    6296ms] [LOG] [Fast Refresh] done in 375ms @ http://localhost:3000/_next/static/chunks/0wa7_next_dist_0lytrpc._.js:2477
[  222545ms] [LOG] [Fast Refresh] rebuilding @ http://localhost:3000/_next/static/chunks/0wa7_next_dist_0lytrpc._.js:2477
[  222640ms] [LOG] [Fast Refresh] done in 197ms @ http://localhost:3000/_next/static/chunks/0wa7_next_dist_0lytrpc._.js:2477
[  235440ms] [LOG] [Fast Refresh] rebuilding @ http://localhost:3000/_next/static/chunks/0wa7_next_dist_0lytrpc._.js:2477
[  236707ms] [LOG] [Fast Refresh] done in 1361ms @ http://localhost:3000/_next/static/chunks/0wa7_next_dist_0lytrpc._.js:2477
[  236918ms] [LOG] [Fast Refresh] rebuilding @ http://localhost:3000/_next/static/chunks/0wa7_next_dist_0lytrpc._.js:2477
[  237256ms] [LOG] [Fast Refresh] done in 449ms @ http://localhost:3000/_next/static/chunks/0wa7_next_dist_0lytrpc._.js:2477
[  237368ms] [LOG] [Fast Refresh] rebuilding @ http://localhost:3000/_next/static/chunks/0wa7_next_dist_0lytrpc._.js:2477
[  237394ms] [LOG] [Fast Refresh] done in 128ms @ http://localhost:3000/_next/static/chunks/0wa7_next_dist_0lytrpc._.js:2477
[  237504ms] [LOG] [Fast Refresh] rebuilding @ http://localhost:3000/_next/static/chunks/0wa7_next_dist_0lytrpc._.js:2477
[  237534ms] [LOG] [Fast Refresh] done in 141ms @ http://localhost:3000/_next/static/chunks/0wa7_next_dist_0lytrpc._.js:2477
[  237636ms] [LOG] [Fast Refresh] rebuilding @ http://localhost:3000/_next/static/chunks/0wa7_next_dist_0lytrpc._.js:2477
[  237886ms] [LOG] [Fast Refresh] done in 351ms @ http://localhost:3000/_next/static/chunks/0wa7_next_dist_0lytrpc._.js:2477
[  238016ms] [LOG] [Fast Refresh] rebuilding @ http://localhost:3000/_next/static/chunks/0wa7_next_dist_0lytrpc._.js:2477
[  238366ms] [LOG] [Fast Refresh] done in 453ms @ http://localhost:3000/_next/static/chunks/0wa7_next_dist_0lytrpc._.js:2477
[  238683ms] [LOG] [Fast Refresh] rebuilding @ http://localhost:3000/_next/static/chunks/0wa7_next_dist_0lytrpc._.js:2477
[  238731ms] [LOG] [Fast Refresh] done in 158ms @ http://localhost:3000/_next/static/chunks/0wa7_next_dist_0lytrpc._.js:2477
[  238874ms] [LOG] [Fast Refresh] rebuilding @ http://localhost:3000/_next/static/chunks/0wa7_next_dist_0lytrpc._.js:2477
[  238927ms] [LOG] [Fast Refresh] done in 153ms @ http://localhost:3000/_next/static/chunks/0wa7_next_dist_0lytrpc._.js:2477
[  239043ms] [LOG] [Fast Refresh] rebuilding @ http://localhost:3000/_next/static/chunks/0wa7_next_dist_0lytrpc._.js:2477
[  239165ms] [LOG] [Fast Refresh] done in 223ms @ http://localhost:3000/_next/static/chunks/0wa7_next_dist_0lytrpc._.js:2477
[  246673ms] [LOG] [Fast Refresh] rebuilding @ http://localhost:3000/_next/static/chunks/0wa7_next_dist_0lytrpc._.js:2477
[  246762ms] [LOG] [Fast Refresh] done in 194ms @ http://localhost:3000/_next/static/chunks/0wa7_next_dist_0lytrpc._.js:2477
[  247103ms] [LOG] [Fast Refresh] rebuilding @ http://localhost:3000/_next/static/chunks/0wa7_next_dist_0lytrpc._.js:2477
[  248504ms] [LOG] [Fast Refresh] done in 1499ms @ http://localhost:3000/_next/static/chunks/0wa7_next_dist_0lytrpc._.js:2477
[  248789ms] [LOG] [Fast Refresh] rebuilding @ http://localhost:3000/_next/static/chunks/0wa7_next_dist_0lytrpc._.js:2477
[  249334ms] [LOG] [Fast Refresh] done in 653ms @ http://localhost:3000/_next/static/chunks/0wa7_next_dist_0lytrpc._.js:2477
[  249477ms] [LOG] [Fast Refresh] rebuilding @ http://localhost:3000/_next/static/chunks/0wa7_next_dist_0lytrpc._.js:2477
[  249733ms] [LOG] [Fast Refresh] done in 361ms @ http://localhost:3000/_next/static/chunks/0wa7_next_dist_0lytrpc._.js:2477
[  250192ms] [LOG] [Fast Refresh] rebuilding @ http://localhost:3000/_next/static/chunks/0wa7_next_dist_0lytrpc._.js:2477
[  250611ms] [LOG] [Fast Refresh] done in 520ms @ http://localhost:3000/_next/static/chunks/0wa7_next_dist_0lytrpc._.js:2477
[  250952ms] [LOG] [Fast Refresh] rebuilding @ http://localhost:3000/_next/static/chunks/0wa7_next_dist_0lytrpc._.js:2477
[  250953ms] [LOG] [Fast Refresh] done in 122ms @ http://localhost:3000/_next/static/chunks/0wa7_next_dist_0lytrpc._.js:2477
[  251065ms] [LOG] [Fast Refresh] rebuilding @ http://localhost:3000/_next/static/chunks/0wa7_next_dist_0lytrpc._.js:2477
[  251105ms] [LOG] [Fast Refresh] done in 148ms @ http://localhost:3000/_next/static/chunks/0wa7_next_dist_0lytrpc._.js:2477
[  251218ms] [LOG] [Fast Refresh] rebuilding @ http://localhost:3000/_next/static/chunks/0wa7_next_dist_0lytrpc._.js:2477
[  251423ms] [LOG] [Fast Refresh] done in 316ms @ http://localhost:3000/_next/static/chunks/0wa7_next_dist_0lytrpc._.js:2477
[  259754ms] [LOG] [Fast Refresh] rebuilding @ http://localhost:3000/_next/static/chunks/0wa7_next_dist_0lytrpc._.js:2477
[  263501ms] [LOG] [Fast Refresh] done in 3846ms @ http://localhost:3000/_next/static/chunks/0wa7_next_dist_0lytrpc._.js:2477
[  263787ms] [LOG] [Fast Refresh] rebuilding @ http://localhost:3000/_next/static/chunks/0wa7_next_dist_0lytrpc._.js:2477
[  264099ms] [LOG] [Fast Refresh] done in 414ms @ http://localhost:3000/_next/static/chunks/0wa7_next_dist_0lytrpc._.js:2477
[  264208ms] [LOG] [Fast Refresh] rebuilding @ http://localhost:3000/_next/static/chunks/0wa7_next_dist_0lytrpc._.js:2477
[  264388ms] [LOG] [Fast Refresh] done in 283ms @ http://localhost:3000/_next/static/chunks/0wa7_next_dist_0lytrpc._.js:2477
[  264514ms] [LOG] [Fast Refresh] rebuilding @ http://localhost:3000/_next/static/chunks/0wa7_next_dist_0lytrpc._.js:2477
[  264558ms] [LOG] [Fast Refresh] done in 153ms @ http://localhost:3000/_next/static/chunks/0wa7_next_dist_0lytrpc._.js:2477
[  265179ms] [LOG] [Fast Refresh] rebuilding @ http://localhost:3000/_next/static/chunks/0wa7_next_dist_0lytrpc._.js:2477
[  265613ms] [LOG] [Fast Refresh] done in 529ms @ http://localhost:3000/_next/static/chunks/0wa7_next_dist_0lytrpc._.js:2477
[  265897ms] [LOG] [Fast Refresh] rebuilding @ http://localhost:3000/_next/static/chunks/0wa7_next_dist_0lytrpc._.js:2477
[  266326ms] [LOG] [Fast Refresh] done in 537ms @ http://localhost:3000/_next/static/chunks/0wa7_next_dist_0lytrpc._.js:2477
[  266441ms] [LOG] [Fast Refresh] rebuilding @ http://localhost:3000/_next/static/chunks/0wa7_next_dist_0lytrpc._.js:2477
[  266498ms] [LOG] [Fast Refresh] done in 159ms @ http://localhost:3000/_next/static/chunks/0wa7_next_dist_0lytrpc._.js:2477
[  280606ms] [LOG] [Fast Refresh] rebuilding @ http://localhost:3000/_next/static/chunks/0wa7_next_dist_0lytrpc._.js:2477
[  280875ms] [LOG] [Fast Refresh] done in 293ms @ http://localhost:3000/_next/static/chunks/0wa7_next_dist_0lytrpc._.js:2477
[  295135ms] [LOG] [Fast Refresh] rebuilding @ http://localhost:3000/_next/static/chunks/0wa7_next_dist_0lytrpc._.js:2477
[  295446ms] [LOG] [Fast Refresh] done in 421ms @ http://localhost:3000/_next/static/chunks/0wa7_next_dist_0lytrpc._.js:2477
[  303256ms] [LOG] [Fast Refresh] rebuilding @ http://localhost:3000/_next/static/chunks/0wa7_next_dist_0lytrpc._.js:2477
[  303422ms] [LOG] [Fast Refresh] done in 270ms @ http://localhost:3000/_next/static/chunks/0wa7_next_dist_0lytrpc._.js:2477
