[     146ms] [LOG] [Fast Refresh] rebuilding @ http://localhost:3000/_next/static/chunks/0wa7_next_dist_0lytrpc._.js:2477
[     767ms] [LOG] [Fast Refresh] done in 736ms @ http://localhost:3000/_next/static/chunks/0wa7_next_dist_0lytrpc._.js:2477
[     896ms] [INFO] %cDownload the React DevTools for a better development experience: https://react.dev/link/react-devtools font-weight:bold @ http://localhost:3000/_next/static/chunks/0wa7_next_dist_0lytrpc._.js:2477
[     970ms] [LOG] [HMR] connected @ http://localhost:3000/_next/static/chunks/0wa7_next_dist_0lytrpc._.js:2477
[    1280ms] [LOG] [Fast Refresh] rebuilding @ http://localhost:3000/_next/static/chunks/0wa7_next_dist_0lytrpc._.js:2477
[    1452ms] [LOG] [Fast Refresh] done in 278ms @ http://localhost:3000/_next/static/chunks/0wa7_next_dist_0lytrpc._.js:2477
[    9670ms] [LOG] [Fast Refresh] rebuilding @ http://localhost:3000/_next/static/chunks/0wa7_next_dist_0lytrpc._.js:2477
[   10674ms] [LOG] [Fast Refresh] done in 1105ms @ http://localhost:3000/_next/static/chunks/0wa7_next_dist_0lytrpc._.js:2477
[   21236ms] [LOG] [Fast Refresh] rebuilding @ http://localhost:3000/_next/static/chunks/0wa7_next_dist_0lytrpc._.js:2477
[   21368ms] [LOG] [Fast Refresh] done in 236ms @ http://localhost:3000/_next/static/chunks/0wa7_next_dist_0lytrpc._.js:2477
[   25693ms] [LOG] [Fast Refresh] rebuilding @ http://localhost:3000/_next/static/chunks/0wa7_next_dist_0lytrpc._.js:2477
[   26485ms] [LOG] [Fast Refresh] done in 893ms @ http://localhost:3000/_next/static/chunks/0wa7_next_dist_0lytrpc._.js:2477
[  134136ms] [LOG] [Fast Refresh] rebuilding @ http://localhost:3000/_next/static/chunks/0wa7_next_dist_0lytrpc._.js:2477
[  134216ms] [LOG] [Fast Refresh] done in 193ms @ http://localhost:3000/_next/static/chunks/0wa7_next_dist_0lytrpc._.js:2477
[  146085ms] [LOG] [Fast Refresh] rebuilding @ http://localhost:3000/_next/static/chunks/0wa7_next_dist_0lytrpc._.js:2477
[  146303ms] [LOG] [Fast Refresh] done in 273ms @ http://localhost:3000/_next/static/chunks/0wa7_next_dist_0lytrpc._.js:2477
[  172164ms] [LOG] [Fast Refresh] rebuilding @ http://localhost:3000/_next/static/chunks/0wa7_next_dist_0lytrpc._.js:2477
[  172461ms] [LOG] [Fast Refresh] done in 344ms @ http://localhost:3000/_next/static/chunks/0wa7_next_dist_0lytrpc._.js:2477
[  183530ms] [LOG] [Fast Refresh] rebuilding @ http://localhost:3000/_next/static/chunks/0wa7_next_dist_0lytrpc._.js:2477
[  192440ms] [LOG] [Fast Refresh] done in 8977ms @ http://localhost:3000/_next/static/chunks/0wa7_next_dist_0lytrpc._.js:2477
[  193099ms] [LOG] [Fast Refresh] rebuilding @ http://localhost:3000/_next/static/chunks/0wa7_next_dist_0lytrpc._.js:2477
[  193945ms] [LOG] [Fast Refresh] done in 946ms @ http://localhost:3000/_next/static/chunks/0wa7_next_dist_0lytrpc._.js:2477
[  194075ms] [LOG] [Fast Refresh] rebuilding @ http://localhost:3000/_next/static/chunks/0wa7_next_dist_0lytrpc._.js:2477
[  194955ms] [LOG] [Fast Refresh] done in 983ms @ http://localhost:3000/_next/static/chunks/0wa7_next_dist_0lytrpc._.js:2477
[  196061ms] [INFO] %cDownload the React DevTools for a better development experience: https://react.dev/link/react-devtools font-weight:bold @ http://localhost:3000/_next/static/chunks/0wa7_next_dist_0lytrpc._.js:2477
[  196118ms] [LOG] [HMR] connected @ http://localhost:3000/_next/static/chunks/0wa7_next_dist_0lytrpc._.js:2477
[  196336ms] [LOG] [Fast Refresh] rebuilding @ http://localhost:3000/_next/static/chunks/0wa7_next_dist_0lytrpc._.js:2477
[  196466ms] [LOG] [Fast Refresh] done in 233ms @ http://localhost:3000/_next/static/chunks/0wa7_next_dist_0lytrpc._.js:2477
[  196716ms] [LOG] [Fast Refresh] rebuilding @ http://localhost:3000/_next/static/chunks/0wa7_next_dist_0lytrpc._.js:2477
[  196851ms] [LOG] [Fast Refresh] done in 280ms @ http://localhost:3000/_next/static/chunks/0wa7_next_dist_0lytrpc._.js:2477
[  196977ms] [LOG] [Fast Refresh] rebuilding @ http://localhost:3000/_next/static/chunks/0wa7_next_dist_0lytrpc._.js:2477
[  197119ms] [LOG] [Fast Refresh] done in 243ms @ http://localhost:3000/_next/static/chunks/0wa7_next_dist_0lytrpc._.js:2477
[  197277ms] [LOG] [Fast Refresh] rebuilding @ http://localhost:3000/_next/static/chunks/0wa7_next_dist_0lytrpc._.js:2477
[  197453ms] [LOG] [Fast Refresh] done in 286ms @ http://localhost:3000/_next/static/chunks/0wa7_next_dist_0lytrpc._.js:2477
[  197570ms] [LOG] [Fast Refresh] rebuilding @ http://localhost:3000/_next/static/chunks/0wa7_next_dist_0lytrpc._.js:2477
[  197849ms] [LOG] [Fast Refresh] done in 387ms @ http://localhost:3000/_next/static/chunks/0wa7_next_dist_0lytrpc._.js:2477
[  197988ms] [LOG] [Fast Refresh] rebuilding @ http://localhost:3000/_next/static/chunks/0wa7_next_dist_0lytrpc._.js:2477
[  198111ms] [LOG] [Fast Refresh] done in 227ms @ http://localhost:3000/_next/static/chunks/0wa7_next_dist_0lytrpc._.js:2477
[  198251ms] [LOG] [Fast Refresh] rebuilding @ http://localhost:3000/_next/static/chunks/0wa7_next_dist_0lytrpc._.js:2477
[  198460ms] [LOG] [Fast Refresh] done in 313ms @ http://localhost:3000/_next/static/chunks/0wa7_next_dist_0lytrpc._.js:2477
[  198607ms] [LOG] [Fast Refresh] rebuilding @ http://localhost:3000/_next/static/chunks/0wa7_next_dist_0lytrpc._.js:2477
[  198783ms] [LOG] [Fast Refresh] done in 289ms @ http://localhost:3000/_next/static/chunks/0wa7_next_dist_0lytrpc._.js:2477
[  198933ms] [LOG] [Fast Refresh] rebuilding @ http://localhost:3000/_next/static/chunks/0wa7_next_dist_0lytrpc._.js:2477
[  199079ms] [LOG] [Fast Refresh] done in 252ms @ http://localhost:3000/_next/static/chunks/0wa7_next_dist_0lytrpc._.js:2477
[  199191ms] [LOG] [Fast Refresh] rebuilding @ http://localhost:3000/_next/static/chunks/0wa7_next_dist_0lytrpc._.js:2477
[  199639ms] [LOG] [Fast Refresh] done in 552ms @ http://localhost:3000/_next/static/chunks/0wa7_next_dist_0lytrpc._.js:2477
[  199773ms] [LOG] [Fast Refresh] rebuilding @ http://localhost:3000/_next/static/chunks/0wa7_next_dist_0lytrpc._.js:2477
[  199864ms] [LOG] [Fast Refresh] done in 195ms @ http://localhost:3000/_next/static/chunks/0wa7_next_dist_0lytrpc._.js:2477
[  200006ms] [LOG] [Fast Refresh] rebuilding @ http://localhost:3000/_next/static/chunks/0wa7_next_dist_0lytrpc._.js:2477
[  200076ms] [LOG] [Fast Refresh] done in 173ms @ http://localhost:3000/_next/static/chunks/0wa7_next_dist_0lytrpc._.js:2477
[  200189ms] [LOG] [Fast Refresh] rebuilding @ http://localhost:3000/_next/static/chunks/0wa7_next_dist_0lytrpc._.js:2477
[  200243ms] [LOG] [Fast Refresh] done in 155ms @ http://localhost:3000/_next/static/chunks/0wa7_next_dist_0lytrpc._.js:2477
[  200372ms] [LOG] [Fast Refresh] rebuilding @ http://localhost:3000/_next/static/chunks/0wa7_next_dist_0lytrpc._.js:2477
[  200415ms] [LOG] [Fast Refresh] done in 151ms @ http://localhost:3000/_next/static/chunks/0wa7_next_dist_0lytrpc._.js:2477
[  200520ms] [LOG] [Fast Refresh] rebuilding @ http://localhost:3000/_next/static/chunks/0wa7_next_dist_0lytrpc._.js:2477
[  200700ms] [LOG] [Fast Refresh] done in 283ms @ http://localhost:3000/_next/static/chunks/0wa7_next_dist_0lytrpc._.js:2477
[  200834ms] [LOG] [Fast Refresh] rebuilding @ http://localhost:3000/_next/static/chunks/0wa7_next_dist_0lytrpc._.js:2477
[  200873ms] [LOG] [Fast Refresh] done in 151ms @ http://localhost:3000/_next/static/chunks/0wa7_next_dist_0lytrpc._.js:2477
[  201004ms] [LOG] [Fast Refresh] rebuilding @ http://localhost:3000/_next/static/chunks/0wa7_next_dist_0lytrpc._.js:2477
[  201051ms] [LOG] [Fast Refresh] done in 151ms @ http://localhost:3000/_next/static/chunks/0wa7_next_dist_0lytrpc._.js:2477
[  201171ms] [LOG] [Fast Refresh] rebuilding @ http://localhost:3000/_next/static/chunks/0wa7_next_dist_0lytrpc._.js:2477
[  201216ms] [LOG] [Fast Refresh] done in 148ms @ http://localhost:3000/_next/static/chunks/0wa7_next_dist_0lytrpc._.js:2477
[  201354ms] [LOG] [Fast Refresh] rebuilding @ http://localhost:3000/_next/static/chunks/0wa7_next_dist_0lytrpc._.js:2477
[  201526ms] [LOG] [Fast Refresh] done in 277ms @ http://localhost:3000/_next/static/chunks/0wa7_next_dist_0lytrpc._.js:2477
[  201637ms] [LOG] [Fast Refresh] rebuilding @ http://localhost:3000/_next/static/chunks/0wa7_next_dist_0lytrpc._.js:2477
[  201663ms] [LOG] [Fast Refresh] done in 135ms @ http://localhost:3000/_next/static/chunks/0wa7_next_dist_0lytrpc._.js:2477
[  201766ms] [LOG] [Fast Refresh] rebuilding @ http://localhost:3000/_next/static/chunks/0wa7_next_dist_0lytrpc._.js:2477
[  201820ms] [LOG] [Fast Refresh] done in 156ms @ http://localhost:3000/_next/static/chunks/0wa7_next_dist_0lytrpc._.js:2477
[  201950ms] [LOG] [Fast Refresh] rebuilding @ http://localhost:3000/_next/static/chunks/0wa7_next_dist_0lytrpc._.js:2477
[  201997ms] [LOG] [Fast Refresh] done in 156ms @ http://localhost:3000/_next/static/chunks/0wa7_next_dist_0lytrpc._.js:2477
[  202120ms] [LOG] [Fast Refresh] rebuilding @ http://localhost:3000/_next/static/chunks/0wa7_next_dist_0lytrpc._.js:2477
[  202230ms] [LOG] [Fast Refresh] done in 218ms @ http://localhost:3000/_next/static/chunks/0wa7_next_dist_0lytrpc._.js:2477
[  202336ms] [LOG] [Fast Refresh] rebuilding @ http://localhost:3000/_next/static/chunks/0wa7_next_dist_0lytrpc._.js:2477
[  202833ms] [LOG] [Fast Refresh] done in 603ms @ http://localhost:3000/_next/static/chunks/0wa7_next_dist_0lytrpc._.js:2477
[  229045ms] [LOG] [Fast Refresh] rebuilding @ http://localhost:3000/_next/static/chunks/0wa7_next_dist_0lytrpc._.js:2477
[  229154ms] [LOG] [Fast Refresh] done in 214ms @ http://localhost:3000/_next/static/chunks/0wa7_next_dist_0lytrpc._.js:2477
[  248202ms] [LOG] [Fast Refresh] rebuilding @ http://localhost:3000/_next/static/chunks/0wa7_next_dist_0lytrpc._.js:2477
[  248345ms] [LOG] [Fast Refresh] done in 251ms @ http://localhost:3000/_next/static/chunks/0wa7_next_dist_0lytrpc._.js:2477
[  264378ms] [LOG] [Fast Refresh] rebuilding @ http://localhost:3000/_next/static/chunks/0wa7_next_dist_0lytrpc._.js:2477
[  264507ms] [LOG] [Fast Refresh] done in 232ms @ http://localhost:3000/_next/static/chunks/0wa7_next_dist_0lytrpc._.js:2477
[  279486ms] [LOG] [Fast Refresh] rebuilding @ http://localhost:3000/_next/static/chunks/0wa7_next_dist_0lytrpc._.js:2477
[  279752ms] [LOG] [Fast Refresh] done in 374ms @ http://localhost:3000/_next/static/chunks/0wa7_next_dist_0lytrpc._.js:2477
[  289574ms] [LOG] [Fast Refresh] rebuilding @ http://localhost:3000/_next/static/chunks/0wa7_next_dist_0lytrpc._.js:2477
[  289670ms] [LOG] [Fast Refresh] done in 206ms @ http://localhost:3000/_next/static/chunks/0wa7_next_dist_0lytrpc._.js:2477
