[     136ms] [LOG] [Fast Refresh] rebuilding @ http://localhost:3000/_next/static/chunks/0wa7_next_dist_0lytrpc._.js:2477
[    5665ms] [LOG] [Fast Refresh] done in 5637ms @ http://localhost:3000/_next/static/chunks/0wa7_next_dist_0lytrpc._.js:2477
[    5863ms] [INFO] %cDownload the React DevTools for a better development experience: https://react.dev/link/react-devtools font-weight:bold @ http://localhost:3000/_next/static/chunks/0wa7_next_dist_0lytrpc._.js:2477
[    5917ms] [LOG] [HMR] connected @ http://localhost:3000/_next/static/chunks/0wa7_next_dist_0lytrpc._.js:2477
[    6267ms] [LOG] [Fast Refresh] rebuilding @ http://localhost:3000/_next/static/chunks/0wa7_next_dist_0lytrpc._.js:2477
[    6441ms] [LOG] [Fast Refresh] done in 279ms @ http://localhost:3000/_next/static/chunks/0wa7_next_dist_0lytrpc._.js:2477
[   50003ms] [LOG] [Fast Refresh] rebuilding @ http://localhost:3000/_next/static/chunks/0wa7_next_dist_0lytrpc._.js:2477
[   50082ms] [LOG] [Fast Refresh] done in 186ms @ http://localhost:3000/_next/static/chunks/0wa7_next_dist_0lytrpc._.js:2477
[   75760ms] [LOG] [Fast Refresh] rebuilding @ http://localhost:3000/_next/static/chunks/0wa7_next_dist_0lytrpc._.js:2477
[   76618ms] [LOG] [Fast Refresh] done in 968ms @ http://localhost:3000/_next/static/chunks/0wa7_next_dist_0lytrpc._.js:2477
[  352516ms] [LOG] [Fast Refresh] rebuilding @ http://localhost:3000/_next/static/chunks/0wa7_next_dist_0lytrpc._.js:2477
[  352789ms] [LOG] [Fast Refresh] done in 385ms @ http://localhost:3000/_next/static/chunks/0wa7_next_dist_0lytrpc._.js:2477
[  352937ms] [LOG] [Fast Refresh] rebuilding @ http://localhost:3000/_next/static/chunks/0wa7_next_dist_0lytrpc._.js:2477
[  352944ms] [LOG] [Fast Refresh] done in 110ms @ http://localhost:3000/_next/static/chunks/0wa7_next_dist_0lytrpc._.js:2477
[  353082ms] [LOG] [Fast Refresh] rebuilding @ http://localhost:3000/_next/static/chunks/0wa7_next_dist_0lytrpc._.js:2477
[  353284ms] [LOG] [Fast Refresh] done in 308ms @ http://localhost:3000/_next/static/chunks/0wa7_next_dist_0lytrpc._.js:2477
[  354773ms] [LOG] [Fast Refresh] rebuilding @ http://localhost:3000/_next/static/chunks/0wa7_next_dist_0lytrpc._.js:2477
[  356747ms] [LOG] [Fast Refresh] done in 2080ms @ http://localhost:3000/_next/static/chunks/0wa7_next_dist_0lytrpc._.js:2477
[  381831ms] [LOG] [Fast Refresh] rebuilding @ http://localhost:3000/_next/static/chunks/0wa7_next_dist_0lytrpc._.js:2477
[  382626ms] [LOG] [Fast Refresh] done in 899ms @ http://localhost:3000/_next/static/chunks/0wa7_next_dist_0lytrpc._.js:2477
